CRITICAL - 2025-11-19 17:29:52 --> CodeIgniter\Exceptions\CriticalError: The required PHP extension "mysqli" is not loaded. Install and enable it to use "MySQLi" driver.
[Method: CLI, Route: migrate]
in SYSTEMPATH\Database\Database.php on line 182.
 1 SYSTEMPATH\Database\Database.php(59): CodeIgniter\Database\Database->checkDbExtension('MySQLi')
 2 SYSTEMPATH\Database\Config.php(82): CodeIgniter\Database\Database->load([...], 'default')
 3 SYSTEMPATH\Common.php(361): CodeIgniter\Database\Config::connect('default', true)
 4 SYSTEMPATH\Database\MigrationRunner.php(145): db_connect(null)
 5 SYSTEMPATH\Config\Services.php(421): CodeIgniter\Database\MigrationRunner->__construct(Object(Config\Migrations), null)
 6 SYSTEMPATH\Config\BaseService.php(312): CodeIgniter\Config\Services::migrations(Object(Config\Migrations), null, false)
 7 SYSTEMPATH\Config\BaseService.php(251): CodeIgniter\Config\BaseService::__callStatic('migrations', [...])
 8 SYSTEMPATH\Config\Services.php(416): CodeIgniter\Config\BaseService::getSharedInstance('migrations', null, null)
 9 SYSTEMPATH\Config\BaseService.php(321): CodeIgniter\Config\Services::migrations()
10 SYSTEMPATH\Config\BaseService.php(202): CodeIgniter\Config\BaseService::__callStatic('migrations', [])
11 SYSTEMPATH\Common.php(995): CodeIgniter\Config\BaseService::get('migrations')
12 SYSTEMPATH\Commands\Database\Migrate.php(70): service('migrations')
13 SYSTEMPATH\CLI\Commands.php(74): CodeIgniter\Commands\Database\Migrate->run([])
14 SYSTEMPATH\CLI\Console.php(47): CodeIgniter\CLI\Commands->run('migrate', [])
15 SYSTEMPATH\Boot.php(388): CodeIgniter\CLI\Console->run()
16 SYSTEMPATH\Boot.php(133): CodeIgniter\Boot::runCommand(Object(CodeIgniter\CLI\Console))
17 ROOTPATH\spark(87): CodeIgniter\Boot::bootSpark(Object(Config\Paths))
CRITICAL - 2025-11-19 17:30:56 --> CodeIgniter\Exceptions\CriticalError: The required PHP extension "mysqli" is not loaded. Install and enable it to use "MySQLi" driver.
[Method: CLI, Route: db:seed/UserSeeder]
in SYSTEMPATH\Database\Database.php on line 182.
 1 SYSTEMPATH\Database\Database.php(59): CodeIgniter\Database\Database->checkDbExtension('MySQLi')
 2 SYSTEMPATH\Database\Config.php(82): CodeIgniter\Database\Database->load([...], 'default')
 3 SYSTEMPATH\Database\Seeder.php(95): CodeIgniter\Database\Config::connect('default')
 4 SYSTEMPATH\Commands\Database\Seed.php(71): CodeIgniter\Database\Seeder->__construct(Object(Config\Database))
 5 SYSTEMPATH\CLI\Commands.php(74): CodeIgniter\Commands\Database\Seed->run([...])
 6 SYSTEMPATH\CLI\Console.php(47): CodeIgniter\CLI\Commands->run('db:seed', [...])
 7 SYSTEMPATH\Boot.php(388): CodeIgniter\CLI\Console->run()
 8 SYSTEMPATH\Boot.php(133): CodeIgniter\Boot::runCommand(Object(CodeIgniter\CLI\Console))
 9 ROOTPATH\spark(87): CodeIgniter\Boot::bootSpark(Object(Config\Paths))
CRITICAL - 2025-11-19 17:32:27 --> ErrorException: Maximum execution time of 30 seconds exceeded
[Method: GET, Route: /]
in SYSTEMPATH\Debug\Toolbar\Collectors\Timers.php on line 19.
 1 [internal function]: CodeIgniter\Debug\Exceptions->shutdownHandler()
CRITICAL - 2025-11-19 17:33:36 --> CodeIgniter\Exceptions\CriticalError: The required PHP extension "mysqli" is not loaded. Install and enable it to use "MySQLi" driver.
[Method: CLI, Route: migrate]
in SYSTEMPATH\Database\Database.php on line 182.
 1 SYSTEMPATH\Database\Database.php(59): CodeIgniter\Database\Database->checkDbExtension('MySQLi')
 2 SYSTEMPATH\Database\Config.php(82): CodeIgniter\Database\Database->load([...], 'default')
 3 SYSTEMPATH\Common.php(361): CodeIgniter\Database\Config::connect('default', true)
 4 SYSTEMPATH\Database\MigrationRunner.php(145): db_connect(null)
 5 SYSTEMPATH\Config\Services.php(421): CodeIgniter\Database\MigrationRunner->__construct(Object(Config\Migrations), null)
 6 SYSTEMPATH\Config\BaseService.php(312): CodeIgniter\Config\Services::migrations(Object(Config\Migrations), null, false)
 7 SYSTEMPATH\Config\BaseService.php(251): CodeIgniter\Config\BaseService::__callStatic('migrations', [...])
 8 SYSTEMPATH\Config\Services.php(416): CodeIgniter\Config\BaseService::getSharedInstance('migrations', null, null)
 9 SYSTEMPATH\Config\BaseService.php(321): CodeIgniter\Config\Services::migrations()
10 SYSTEMPATH\Config\BaseService.php(202): CodeIgniter\Config\BaseService::__callStatic('migrations', [])
11 SYSTEMPATH\Common.php(995): CodeIgniter\Config\BaseService::get('migrations')
12 SYSTEMPATH\Commands\Database\Migrate.php(70): service('migrations')
13 SYSTEMPATH\CLI\Commands.php(74): CodeIgniter\Commands\Database\Migrate->run([])
14 SYSTEMPATH\CLI\Console.php(47): CodeIgniter\CLI\Commands->run('migrate', [])
15 SYSTEMPATH\Boot.php(388): CodeIgniter\CLI\Console->run()
16 SYSTEMPATH\Boot.php(133): CodeIgniter\Boot::runCommand(Object(CodeIgniter\CLI\Console))
17 ROOTPATH\spark(87): CodeIgniter\Boot::bootSpark(Object(Config\Paths))
CRITICAL - 2025-11-19 17:33:43 --> CodeIgniter\Exceptions\CriticalError: The required PHP extension "mysqli" is not loaded. Install and enable it to use "MySQLi" driver.
[Method: CLI, Route: db:seed/UserSeeder]
in SYSTEMPATH\Database\Database.php on line 182.
 1 SYSTEMPATH\Database\Database.php(59): CodeIgniter\Database\Database->checkDbExtension('MySQLi')
 2 SYSTEMPATH\Database\Config.php(82): CodeIgniter\Database\Database->load([...], 'default')
 3 SYSTEMPATH\Database\Seeder.php(95): CodeIgniter\Database\Config::connect('default')
 4 SYSTEMPATH\Commands\Database\Seed.php(71): CodeIgniter\Database\Seeder->__construct(Object(Config\Database))
 5 SYSTEMPATH\CLI\Commands.php(74): CodeIgniter\Commands\Database\Seed->run([...])
 6 SYSTEMPATH\CLI\Console.php(47): CodeIgniter\CLI\Commands->run('db:seed', [...])
 7 SYSTEMPATH\Boot.php(388): CodeIgniter\CLI\Console->run()
 8 SYSTEMPATH\Boot.php(133): CodeIgniter\Boot::runCommand(Object(CodeIgniter\CLI\Console))
 9 ROOTPATH\spark(87): CodeIgniter\Boot::bootSpark(Object(Config\Paths))
